<?xml version="1.0" encoding="UTF-8"?>
<coverage generated="1716243151085" clover="3.2.0">
  <project timestamp="1716243151086" name="All files">
    <metrics statements="13" coveredstatements="10" conditionals="2" coveredconditionals="1" methods="5" coveredmethods="3" elements="20" coveredelements="14" complexity="0" loc="13" ncloc="13" packages="1" files="1" classes="1"/>
    <file name="App.jsx" path="C:\Users\aleco\OneDrive\Escritorio\MetodologiasAgiles\agiles\Calculadora\src\App.jsx">
      <metrics statements="13" coveredstatements="10" conditionals="2" coveredconditionals="1" methods="5" coveredmethods="3"/>
      <line num="3" count="1" type="stmt"/>
      <line num="4" count="5" type="stmt"/>
      <line num="6" count="5" type="stmt"/>
      <line num="7" count="3" type="stmt"/>
      <line num="10" count="5" type="stmt"/>
      <line num="11" count="0" type="stmt"/>
      <line num="14" count="5" type="stmt"/>
      <line num="15" count="0" type="stmt"/>
      <line num="18" count="5" type="stmt"/>
      <line num="19" count="1" type="stmt"/>
      <line num="20" count="1" type="cond" truecount="1" falsecount="1"/>
      <line num="22" count="0" type="stmt"/>
      <line num="26" count="5" type="stmt"/>
    </file>
  </project>
</coverage>
